<?xml version="1.0" encoding="UTF-8"?>
<!-- Generated by org.testng.reporters.JUnitXMLReporter -->
<testsuite ignored="0" hostname="DESKTOP-ISSK39T" failures="1" tests="3" name="BaseTest Verification" time="5.449" errors="0" timestamp="2026-03-31T23:28:47 ICT">
  <testcase classname="tests.SampleParallelTest" name="testTitle_Check" time="0.05"/>
  <testcase classname="tests.SampleParallelTest" name="testLogin_Success" time="0.05"/>
  <testcase classname="tests.SampleParallelTest" name="testLogin_Fail_TakeScreenshot" time="0.053">
    <failure type="java.lang.AssertionError" message="Intentional fail expected [true] but found [false]">
      <![CDATA[java.lang.AssertionError: Intentional fail expected [true] but found [false]
at tests.SampleParallelTest.testLogin_Fail_TakeScreenshot(SampleParallelTest.java:15)
at java.base/java.util.concurrent.Executors$RunnableAdapter.call(Executors.java:572)
at java.base/java.util.concurrent.FutureTask.run(FutureTask.java:317)
at java.base/java.util.concurrent.ThreadPoolExecutor.runWorker(ThreadPoolExecutor.java:1144)
at java.base/java.util.concurrent.ThreadPoolExecutor$Worker.run(ThreadPoolExecutor.java:642)
at java.base/java.lang.Thread.run(Thread.java:1583)
... Removed 14 stack frames]]>
    </failure>
  </testcase> <!-- testLogin_Fail_TakeScreenshot -->
</testsuite> <!-- BaseTest Verification -->
